2021-06-05 15:43:27 INFO  Log4j:9 - Test başladı
2021-06-05 15:43:54 INFO  Log4j:19 - n11.com - Hayat Sana Gelir
2021-06-05 15:44:46 INFO  Log4j:19 - Toplam 2 ürün
2021-06-05 15:44:51 INFO  Log4j:19 - Sepetiniz Boş
2021-06-05 15:44:51 INFO  Log4j:14 - Test sonlandı
2021-06-05 15:47:35 INFO  Log4j:14 - Test sonlandı
2021-06-05 16:17:22 INFO  Log4j:9 - Test başladı
2021-06-05 16:17:47 INFO  Log4j:19 - n11.com - Hayat Sana Gelir
2021-06-05 16:18:35 INFO  Log4j:19 - Toplam 2 ürün
2021-06-05 16:18:39 INFO  Log4j:19 - Sepetiniz Boş
2021-06-05 16:18:39 INFO  Log4j:14 - Test sonlandı
2021-06-05 19:19:52 INFO  Log4j:9 - Test başladı
2021-06-05 19:20:17 INFO  Log4j:19 - n11.com - Hayat Sana Gelir
2021-06-05 19:20:32 INFO  Log4j:14 - Test sonlandı
2021-06-05 19:23:50 INFO  Log4j:9 - Test başladı
2021-06-05 19:24:15 INFO  Log4j:19 - n11.com - Hayat Sana Gelir
2021-06-05 19:24:32 INFO  Log4j:14 - Test sonlandı
2021-06-05 19:25:02 INFO  Log4j:9 - Test başladı
2021-06-05 19:25:27 INFO  Log4j:19 - n11.com - Hayat Sana Gelir
2021-06-05 19:25:42 INFO  Log4j:14 - Test sonlandı
2021-06-05 19:27:54 INFO  Log4j:9 - Test başladı
2021-06-05 19:28:18 INFO  Log4j:19 - n11.com - Hayat Sana Gelir
2021-06-05 19:28:34 INFO  Log4j:14 - Test sonlandı
2021-06-05 19:56:46 INFO  Log4j:9 - Test başladı
2021-06-05 19:57:10 INFO  Log4j:19 - n11.com - Hayat Sana Gelir
2021-06-05 19:57:39 INFO  Log4j:14 - Test sonlandı
2021-06-05 20:04:43 INFO  Log4j:9 - Test başladı
2021-06-05 20:05:07 INFO  Log4j:19 - n11.com - Hayat Sana Gelir
2021-06-05 20:05:33 INFO  Log4j:14 - Test sonlandı
2021-06-06 14:52:18 INFO  Log4j:9 - Test başladı
2021-06-06 14:52:48 INFO  Log4j:19 - n11.com - Hayat Sana Gelir
2021-06-06 14:53:21 INFO  Log4j:14 - Test sonlandı
2021-06-07 00:00:47 INFO  Log4j:9 - Test başladı
2021-06-07 00:01:18 INFO  Log4j:19 - n11.com - Hayat Sana Gelir
2021-06-07 00:01:50 INFO  Log4j:14 - Test sonlandı
2021-06-07 00:02:33 INFO  Log4j:9 - Test başladı
2021-06-07 00:03:12 INFO  Log4j:19 - n11.com - Hayat Sana Gelir
2021-06-07 00:03:18 INFO  Log4j:14 - Test sonlandı
2021-06-07 00:05:39 INFO  Log4j:9 - Test başladı
2021-06-07 00:06:16 INFO  Log4j:19 - n11.com - Hayat Sana Gelir
2021-06-07 00:06:22 INFO  Log4j:14 - Test sonlandı
2021-06-07 00:07:12 INFO  Log4j:9 - Test başladı
2021-06-07 00:07:38 INFO  Log4j:19 - n11.com - Hayat Sana Gelir
2021-06-07 00:08:33 INFO  Log4j:19 - Toplam 2 ürün
2021-06-07 00:08:38 INFO  Log4j:19 - Sepetiniz Boş
2021-06-07 00:08:38 INFO  Log4j:14 - Test sonlandı
2021-06-07 00:13:27 INFO  Log4j:9 - Test başladı
2021-06-07 00:14:04 INFO  Log4j:19 - n11.com - Hayat Sana Gelir
2021-06-07 00:14:33 INFO  Log4j:14 - Test sonlandı
2021-06-07 00:37:23 INFO  Log4j:9 - Test başladı
2021-06-07 00:38:03 INFO  Log4j:19 - n11.com - Hayat Sana Gelir
2021-06-07 00:38:24 INFO  Log4j:14 - Test sonlandı
2021-06-07 00:39:16 INFO  Log4j:9 - Test başladı
2021-06-07 00:39:55 INFO  Log4j:19 - n11.com - Hayat Sana Gelir
2021-06-07 00:40:14 INFO  Log4j:14 - Test sonlandı
2021-06-07 00:46:52 INFO  Log4j:9 - Test başladı
2021-06-07 00:47:32 INFO  Log4j:19 - n11.com - Hayat Sana Gelir
2021-06-07 00:47:54 INFO  Log4j:14 - Test sonlandı
2021-06-07 00:59:41 INFO  Log4j:9 - Test başladı
2021-06-07 01:00:18 INFO  Log4j:19 - n11.com - Hayat Sana Gelir
2021-06-07 01:00:41 INFO  Log4j:14 - Test sonlandı
2021-06-07 01:02:49 INFO  Log4j:9 - Test başladı
2021-06-07 01:03:16 INFO  Log4j:19 - n11.com - Hayat Sana Gelir
2021-06-07 01:03:39 INFO  Log4j:14 - Test sonlandı
2021-06-07 01:04:38 INFO  Log4j:9 - Test başladı
2021-06-07 01:05:15 INFO  Log4j:19 - n11.com - Hayat Sana Gelir
2021-06-07 01:05:37 INFO  Log4j:14 - Test sonlandı
2021-06-07 01:07:44 INFO  Log4j:9 - Test başladı
2021-06-07 01:08:22 INFO  Log4j:19 - n11.com - Hayat Sana Gelir
2021-06-07 01:08:54 INFO  Log4j:14 - Test sonlandı
2021-06-07 01:17:53 INFO  Log4j:9 - Test başladı
2021-06-07 01:18:32 INFO  Log4j:19 - n11.com - Hayat Sana Gelir
2021-06-07 01:18:54 INFO  Log4j:14 - Test sonlandı
2021-06-08 13:07:34 INFO  Log4j:9 - Test başladı
2021-06-08 13:08:05 INFO  Log4j:19 - n11.com - Hayat Sana Gelir
2021-06-08 13:08:32 INFO  Log4j:14 - Test sonlandı
2021-06-08 13:09:21 INFO  Log4j:9 - Test başladı
2021-06-08 13:09:58 INFO  Log4j:19 - n11.com - Hayat Sana Gelir
2021-06-08 13:10:58 INFO  Log4j:19 - Toplam 2 ürün
2021-06-08 13:11:02 INFO  Log4j:19 - Sepetiniz Boş
2021-06-08 13:11:02 INFO  Log4j:14 - Test sonlandı
2021-06-08 14:01:58 INFO  Log4j:9 - Test başladı
2021-06-08 14:02:35 INFO  Log4j:19 - n11.com - Hayat Sana Gelir
2021-06-08 14:03:26 INFO  Log4j:14 - Test sonlandı
2021-06-08 14:04:33 INFO  Log4j:9 - Test başladı
2021-06-08 14:05:12 INFO  Log4j:19 - n11.com - Hayat Sana Gelir
2021-06-08 14:06:03 INFO  Log4j:14 - Test sonlandı
2021-06-08 14:07:04 INFO  Log4j:9 - Test başladı
2021-06-08 14:07:31 INFO  Log4j:19 - n11.com - Hayat Sana Gelir
2021-06-08 14:07:37 INFO  Log4j:14 - Test sonlandı
2021-06-08 14:08:41 INFO  Log4j:9 - Test başladı
2021-06-08 14:09:18 INFO  Log4j:19 - n11.com - Hayat Sana Gelir
2021-06-08 14:09:44 INFO  Log4j:14 - Test sonlandı
2021-06-08 14:10:59 INFO  Log4j:9 - Test başladı
2021-06-08 14:11:25 INFO  Log4j:19 - n11.com - Hayat Sana Gelir
2021-06-08 14:12:08 INFO  Log4j:14 - Test sonlandı
2021-06-08 14:15:58 INFO  Log4j:9 - Test başladı
2021-06-08 14:16:32 INFO  Log4j:19 - n11.com - Hayat Sana Gelir
2021-06-08 14:17:14 INFO  Log4j:14 - Test sonlandı
2021-06-08 14:19:00 INFO  Log4j:9 - Test başladı
2021-06-08 14:19:38 INFO  Log4j:19 - n11.com - Hayat Sana Gelir
2021-06-08 14:20:44 INFO  Log4j:19 - Toplam 2 ürün
2021-06-08 14:20:49 INFO  Log4j:19 - Sepetiniz Boş
2021-06-08 14:20:49 INFO  Log4j:14 - Test sonlandı
2021-06-08 14:23:21 INFO  Log4j:9 - Test başladı
2021-06-08 14:23:58 INFO  Log4j:19 - n11.com - Hayat Sana Gelir
2021-06-08 14:25:24 INFO  Log4j:19 - Toplam 2 ürün
2021-06-08 14:25:29 INFO  Log4j:19 - Sepetiniz Boş
2021-06-08 14:25:29 INFO  Log4j:14 - Test sonlandı
2021-06-08 14:34:33 INFO  Log4j:9 - Test başladı
2021-06-08 14:35:10 INFO  Log4j:19 - n11.com - Hayat Sana Gelir
2021-06-08 14:35:31 INFO  Log4j:14 - Test sonlandı
2021-06-08 14:37:45 INFO  Log4j:9 - Test başladı
2021-06-08 14:37:48 INFO  Log4j:9 - Test başladı
2021-06-08 14:38:13 INFO  Log4j:19 - n11.com - Hayat Sana Gelir
2021-06-08 14:38:20 INFO  Log4j:19 - n11.com - Hayat Sana Gelir
2021-06-08 14:39:22 INFO  Log4j:19 - Toplam 2 ürün
2021-06-08 14:39:26 INFO  Log4j:19 - Toplam 2 ürün
2021-06-08 14:39:27 INFO  Log4j:19 - Sepetiniz Boş
2021-06-08 14:39:27 INFO  Log4j:14 - Test sonlandı
2021-06-08 14:39:31 INFO  Log4j:19 - Sepetiniz Boş
2021-06-08 14:39:31 INFO  Log4j:14 - Test sonlandı
2021-06-08 14:41:59 INFO  Log4j:9 - Test başladı
2021-06-08 14:42:38 INFO  Log4j:19 - n11.com - Hayat Sana Gelir
2021-06-08 14:43:42 INFO  Log4j:19 - Toplam 2 ürün
2021-06-08 14:43:47 INFO  Log4j:19 - Sepetiniz Boş
2021-06-08 14:43:47 INFO  Log4j:14 - Test sonlandı
